2018-07-08 02:57:30 INFO  AlbumUtil:92 - 1. Vampire Weekend  -  Contra  - 2010 - Holiday  -  2:18
2018-07-08 02:57:30 INFO  AlbumUtil:92 - 2. Love  -  Forever Changes  - 1967 - Bummer In The Summer  -  2:24
2018-07-08 02:57:30 INFO  AlbumUtil:92 - 3. Vampire Weekend  -  Contra  - 2010 - Cousins  -  2:25
2018-07-08 02:57:30 INFO  AlbumUtil:92 - 4. XTC  -  Drums and Wires  - 1979 - Limelight  -  2:27
2018-07-08 02:57:31 INFO  AlbumUtil:92 - 5. Vampire Weekend  -  Contra  - 2010 - California English  -  2:30
2018-07-08 02:57:31 INFO  AlbumUtil:92 - 6. XTC  -  Drums and Wires  - 1979 - Chain Of Command  -  2:34
2018-07-08 02:57:31 INFO  AlbumUtil:92 - 7. XTC  -  Drums and Wires  - 1979 - Outside World  -  2:41
2018-07-08 02:57:31 INFO  AlbumUtil:92 - 8. XTC  -  Drums and Wires  - 1979 - That Is The Way  -  2:57
2018-07-08 02:57:31 INFO  AlbumUtil:92 - 9. Vampire Weekend  -  Contra  - 2010 - White Sky  -  2:59
2018-07-08 02:57:31 INFO  AlbumUtil:92 - 10. Love  -  Forever Changes  - 1967 - Old Man  -  3:02
2018-07-08 02:57:31 INFO  AlbumUtil:92 - 11. XTC  -  Drums and Wires  - 1979 - Day In Day Out  -  3:08
2018-07-08 02:57:31 INFO  AlbumUtil:92 - 12. Love  -  Forever Changes  - 1967 - The Good Humor Man He Sees Everything Like This  -  3:08
2018-07-08 02:57:31 INFO  AlbumUtil:92 - 13. XTC  -  Drums and Wires  - 1979 - Ten Feet Tall  -  3:17
2018-07-08 02:57:31 INFO  AlbumUtil:92 - 14. Love  -  Forever Changes  - 1967 - Alone Again Or  -  3:17
2018-07-08 02:57:31 INFO  AlbumUtil:92 - 15. Love  -  Forever Changes  - 1967 - Andmoreagain  -  3:18
2018-07-08 02:57:31 INFO  AlbumUtil:92 - 16. XTC  -  Drums and Wires  - 1979 - When You're Near Me I Have Difficulty  -  3:22
2018-07-08 02:57:31 INFO  AlbumUtil:92 - 17. Vampire Weekend  -  Contra  - 2010 - Horchata  -  3:27
2018-07-08 02:57:31 INFO  AlbumUtil:92 - 18. Love  -  Forever Changes  - 1967 - The Daily Planet  -  3:31
2018-07-08 02:57:31 INFO  AlbumUtil:92 - 19. Love  -  Forever Changes  - 1967 - Maybe The People Would Be The Times Or Between Clark And Hilldale  -  3:31
2018-07-08 02:57:31 INFO  AlbumUtil:92 - 20. Love  -  Forever Changes  - 1967 - A House Is Not A Motel  -  3:32
2018-07-08 02:57:31 INFO  DurationUtil:44 - Total Time: 59:48
2018-07-08 03:00:27 INFO  AlbumUtil:92 - 1. Vampire Weekend  -  Contra  - 2010 - Holiday  -  2:18
2018-07-08 03:00:27 INFO  AlbumUtil:92 - 2. Love  -  Forever Changes  - 1967 - Bummer In The Summer  -  2:24
2018-07-08 03:00:27 INFO  AlbumUtil:92 - 3. Vampire Weekend  -  Contra  - 2010 - Cousins  -  2:25
2018-07-08 03:00:27 INFO  AlbumUtil:92 - 4. XTC  -  Drums and Wires  - 1979 - Limelight  -  2:27
2018-07-08 03:00:27 INFO  AlbumUtil:92 - 5. Vampire Weekend  -  Contra  - 2010 - California English  -  2:30
2018-07-08 03:00:27 INFO  AlbumUtil:92 - 6. XTC  -  Drums and Wires  - 1979 - Chain Of Command  -  2:34
2018-07-08 03:00:27 INFO  AlbumUtil:92 - 7. XTC  -  Drums and Wires  - 1979 - Outside World  -  2:41
2018-07-08 03:00:27 INFO  AlbumUtil:92 - 8. XTC  -  Drums and Wires  - 1979 - That Is The Way  -  2:57
2018-07-08 03:00:27 INFO  AlbumUtil:92 - 9. Vampire Weekend  -  Contra  - 2010 - White Sky  -  2:59
2018-07-08 03:00:27 INFO  AlbumUtil:92 - 10. Love  -  Forever Changes  - 1967 - Old Man  -  3:02
2018-07-08 03:00:27 INFO  AlbumUtil:92 - 11. XTC  -  Drums and Wires  - 1979 - Day In Day Out  -  3:08
2018-07-08 03:00:27 INFO  AlbumUtil:92 - 12. Love  -  Forever Changes  - 1967 - The Good Humor Man He Sees Everything Like This  -  3:08
2018-07-08 03:00:27 INFO  AlbumUtil:92 - 13. XTC  -  Drums and Wires  - 1979 - Ten Feet Tall  -  3:17
2018-07-08 03:00:27 INFO  AlbumUtil:92 - 14. Love  -  Forever Changes  - 1967 - Alone Again Or  -  3:17
2018-07-08 03:00:27 INFO  AlbumUtil:92 - 15. Love  -  Forever Changes  - 1967 - Andmoreagain  -  3:18
2018-07-08 03:00:27 INFO  AlbumUtil:92 - 16. XTC  -  Drums and Wires  - 1979 - When You're Near Me I Have Difficulty  -  3:22
2018-07-08 03:00:27 INFO  AlbumUtil:92 - 17. Vampire Weekend  -  Contra  - 2010 - Horchata  -  3:27
2018-07-08 03:00:27 INFO  AlbumUtil:92 - 18. Love  -  Forever Changes  - 1967 - The Daily Planet  -  3:31
2018-07-08 03:00:27 INFO  AlbumUtil:92 - 19. Love  -  Forever Changes  - 1967 - Maybe The People Would Be The Times Or Between Clark And Hilldale  -  3:31
2018-07-08 03:00:27 INFO  AlbumUtil:92 - 20. Love  -  Forever Changes  - 1967 - A House Is Not A Motel  -  3:32
2018-07-08 03:00:27 INFO  DurationUtil:44 - Total Time: 59:48
2018-07-08 12:19:31 INFO  AlbumUtil:92 - 1. Vampire Weekend  -  Contra  - 2010 - Holiday  -  2:18
2018-07-08 12:19:31 INFO  AlbumUtil:92 - 2. Love  -  Forever Changes  - 1967 - Bummer In The Summer  -  2:24
2018-07-08 12:19:31 INFO  AlbumUtil:92 - 3. Vampire Weekend  -  Contra  - 2010 - Cousins  -  2:25
2018-07-08 12:19:31 INFO  AlbumUtil:92 - 4. XTC  -  Drums and Wires  - 1979 - Limelight  -  2:27
2018-07-08 12:19:31 INFO  AlbumUtil:92 - 5. Vampire Weekend  -  Contra  - 2010 - California English  -  2:30
2018-07-08 12:19:31 INFO  AlbumUtil:92 - 6. XTC  -  Drums and Wires  - 1979 - Chain Of Command  -  2:34
2018-07-08 12:19:31 INFO  AlbumUtil:92 - 7. XTC  -  Drums and Wires  - 1979 - Outside World  -  2:41
2018-07-08 12:19:31 INFO  AlbumUtil:92 - 8. XTC  -  Drums and Wires  - 1979 - That Is The Way  -  2:57
2018-07-08 12:19:31 INFO  AlbumUtil:92 - 9. Vampire Weekend  -  Contra  - 2010 - White Sky  -  2:59
2018-07-08 12:19:31 INFO  AlbumUtil:92 - 10. Love  -  Forever Changes  - 1967 - Old Man  -  3:02
2018-07-08 12:19:31 INFO  AlbumUtil:92 - 11. XTC  -  Drums and Wires  - 1979 - Day In Day Out  -  3:08
2018-07-08 12:19:31 INFO  AlbumUtil:92 - 12. Love  -  Forever Changes  - 1967 - The Good Humor Man He Sees Everything Like This  -  3:08
2018-07-08 12:19:31 INFO  AlbumUtil:92 - 13. XTC  -  Drums and Wires  - 1979 - Ten Feet Tall  -  3:17
2018-07-08 12:19:31 INFO  AlbumUtil:92 - 14. Love  -  Forever Changes  - 1967 - Alone Again Or  -  3:17
2018-07-08 12:19:31 INFO  AlbumUtil:92 - 15. Love  -  Forever Changes  - 1967 - Andmoreagain  -  3:18
2018-07-08 12:19:31 INFO  AlbumUtil:92 - 16. XTC  -  Drums and Wires  - 1979 - When You're Near Me I Have Difficulty  -  3:22
2018-07-08 12:19:31 INFO  AlbumUtil:92 - 17. Vampire Weekend  -  Contra  - 2010 - Horchata  -  3:27
2018-07-08 12:19:31 INFO  AlbumUtil:92 - 18. Love  -  Forever Changes  - 1967 - The Daily Planet  -  3:31
2018-07-08 12:19:31 INFO  AlbumUtil:92 - 19. Love  -  Forever Changes  - 1967 - Maybe The People Would Be The Times Or Between Clark And Hilldale  -  3:31
2018-07-08 12:19:31 INFO  AlbumUtil:92 - 20. Love  -  Forever Changes  - 1967 - A House Is Not A Motel  -  3:32
2018-07-08 12:19:31 INFO  DurationUtil:44 - Total Time: 59:48
2018-07-08 12:19:40 INFO  AlbumUtil:92 - 1. Vampire Weekend  -  Contra  - 2010 - Holiday  -  2:18
2018-07-08 12:19:40 INFO  AlbumUtil:92 - 2. Love  -  Forever Changes  - 1967 - Bummer In The Summer  -  2:24
2018-07-08 12:19:40 INFO  AlbumUtil:92 - 3. Vampire Weekend  -  Contra  - 2010 - Cousins  -  2:25
2018-07-08 12:19:40 INFO  AlbumUtil:92 - 4. XTC  -  Drums and Wires  - 1979 - Limelight  -  2:27
2018-07-08 12:19:40 INFO  AlbumUtil:92 - 5. Vampire Weekend  -  Contra  - 2010 - California English  -  2:30
2018-07-08 12:19:40 INFO  AlbumUtil:92 - 6. XTC  -  Drums and Wires  - 1979 - Chain Of Command  -  2:34
2018-07-08 12:19:40 INFO  AlbumUtil:92 - 7. XTC  -  Drums and Wires  - 1979 - Outside World  -  2:41
2018-07-08 12:19:40 INFO  AlbumUtil:92 - 8. XTC  -  Drums and Wires  - 1979 - That Is The Way  -  2:57
2018-07-08 12:19:40 INFO  AlbumUtil:92 - 9. Vampire Weekend  -  Contra  - 2010 - White Sky  -  2:59
2018-07-08 12:19:40 INFO  AlbumUtil:92 - 10. Love  -  Forever Changes  - 1967 - Old Man  -  3:02
2018-07-08 12:19:40 INFO  AlbumUtil:92 - 11. XTC  -  Drums and Wires  - 1979 - Day In Day Out  -  3:08
2018-07-08 12:19:40 INFO  AlbumUtil:92 - 12. Love  -  Forever Changes  - 1967 - The Good Humor Man He Sees Everything Like This  -  3:08
2018-07-08 12:19:40 INFO  AlbumUtil:92 - 13. XTC  -  Drums and Wires  - 1979 - Ten Feet Tall  -  3:17
2018-07-08 12:19:40 INFO  AlbumUtil:92 - 14. Love  -  Forever Changes  - 1967 - Alone Again Or  -  3:17
2018-07-08 12:19:40 INFO  AlbumUtil:92 - 15. Love  -  Forever Changes  - 1967 - Andmoreagain  -  3:18
2018-07-08 12:19:40 INFO  AlbumUtil:92 - 16. XTC  -  Drums and Wires  - 1979 - When You're Near Me I Have Difficulty  -  3:22
2018-07-08 12:19:40 INFO  AlbumUtil:92 - 17. Vampire Weekend  -  Contra  - 2010 - Horchata  -  3:27
2018-07-08 12:19:40 INFO  AlbumUtil:92 - 18. Love  -  Forever Changes  - 1967 - The Daily Planet  -  3:31
2018-07-08 12:19:40 INFO  AlbumUtil:92 - 19. Love  -  Forever Changes  - 1967 - Maybe The People Would Be The Times Or Between Clark And Hilldale  -  3:31
2018-07-08 12:19:40 INFO  AlbumUtil:92 - 20. Love  -  Forever Changes  - 1967 - A House Is Not A Motel  -  3:32
2018-07-08 12:19:40 INFO  DurationUtil:44 - Total Time: 59:48
2018-07-08 23:27:07 INFO  AlbumUtil:92 - 1. Vampire Weekend  -  Contra  - 2010 - Holiday  -  2:18
2018-07-08 23:27:07 INFO  AlbumUtil:92 - 2. Love  -  Forever Changes  - 1967 - Bummer In The Summer  -  2:24
2018-07-08 23:27:07 INFO  AlbumUtil:92 - 3. Vampire Weekend  -  Contra  - 2010 - Cousins  -  2:25
2018-07-08 23:27:07 INFO  AlbumUtil:92 - 4. XTC  -  Drums and Wires  - 1979 - Limelight  -  2:27
2018-07-08 23:27:07 INFO  AlbumUtil:92 - 5. Vampire Weekend  -  Contra  - 2010 - California English  -  2:30
2018-07-08 23:27:07 INFO  AlbumUtil:92 - 6. XTC  -  Drums and Wires  - 1979 - Chain Of Command  -  2:34
2018-07-08 23:27:07 INFO  AlbumUtil:92 - 7. XTC  -  Drums and Wires  - 1979 - Outside World  -  2:41
2018-07-08 23:27:07 INFO  AlbumUtil:92 - 8. XTC  -  Drums and Wires  - 1979 - That Is The Way  -  2:57
2018-07-08 23:27:07 INFO  AlbumUtil:92 - 9. Vampire Weekend  -  Contra  - 2010 - White Sky  -  2:59
2018-07-08 23:27:07 INFO  AlbumUtil:92 - 10. Love  -  Forever Changes  - 1967 - Old Man  -  3:02
2018-07-08 23:27:07 INFO  AlbumUtil:92 - 11. XTC  -  Drums and Wires  - 1979 - Day In Day Out  -  3:08
2018-07-08 23:27:07 INFO  AlbumUtil:92 - 12. Love  -  Forever Changes  - 1967 - The Good Humor Man He Sees Everything Like This  -  3:08
2018-07-08 23:27:07 INFO  AlbumUtil:92 - 13. XTC  -  Drums and Wires  - 1979 - Ten Feet Tall  -  3:17
2018-07-08 23:27:07 INFO  AlbumUtil:92 - 14. Love  -  Forever Changes  - 1967 - Alone Again Or  -  3:17
2018-07-08 23:27:07 INFO  AlbumUtil:92 - 15. Love  -  Forever Changes  - 1967 - Andmoreagain  -  3:18
2018-07-08 23:27:07 INFO  AlbumUtil:92 - 16. XTC  -  Drums and Wires  - 1979 - When You're Near Me I Have Difficulty  -  3:22
2018-07-08 23:27:07 INFO  AlbumUtil:92 - 17. Vampire Weekend  -  Contra  - 2010 - Horchata  -  3:27
2018-07-08 23:27:07 INFO  AlbumUtil:92 - 18. Love  -  Forever Changes  - 1967 - The Daily Planet  -  3:31
2018-07-08 23:27:07 INFO  AlbumUtil:92 - 19. Love  -  Forever Changes  - 1967 - Maybe The People Would Be The Times Or Between Clark And Hilldale  -  3:31
2018-07-08 23:27:07 INFO  AlbumUtil:92 - 20. Love  -  Forever Changes  - 1967 - A House Is Not A Motel  -  3:32
2018-07-08 23:27:07 INFO  DurationUtil:44 - Total Time: 59:48
2019-04-17 19:08:39 INFO  AlbumUtil:92 - 1. Vampire Weekend  -  Contra  - 2010 - Holiday  -  2:18
2019-04-17 19:08:39 INFO  AlbumUtil:92 - 2. Love  -  Forever Changes  - 1967 - Bummer In The Summer  -  2:24
2019-04-17 19:08:39 INFO  AlbumUtil:92 - 3. Vampire Weekend  -  Contra  - 2010 - Cousins  -  2:25
2019-04-17 19:08:39 INFO  AlbumUtil:92 - 4. XTC  -  Drums and Wires  - 1979 - Limelight  -  2:27
2019-04-17 19:08:39 INFO  AlbumUtil:92 - 5. Vampire Weekend  -  Contra  - 2010 - California English  -  2:30
2019-04-17 19:08:39 INFO  AlbumUtil:92 - 6. XTC  -  Drums and Wires  - 1979 - Chain Of Command  -  2:34
2019-04-17 19:08:39 INFO  AlbumUtil:92 - 7. XTC  -  Drums and Wires  - 1979 - Outside World  -  2:41
2019-04-17 19:08:39 INFO  AlbumUtil:92 - 8. XTC  -  Drums and Wires  - 1979 - That Is The Way  -  2:57
2019-04-17 19:08:39 INFO  AlbumUtil:92 - 9. Vampire Weekend  -  Contra  - 2010 - White Sky  -  2:59
2019-04-17 19:08:39 INFO  AlbumUtil:92 - 10. Love  -  Forever Changes  - 1967 - Old Man  -  3:02
2019-04-17 19:08:39 INFO  AlbumUtil:92 - 11. XTC  -  Drums and Wires  - 1979 - Day In Day Out  -  3:08
2019-04-17 19:08:39 INFO  AlbumUtil:92 - 12. Love  -  Forever Changes  - 1967 - The Good Humor Man He Sees Everything Like This  -  3:08
2019-04-17 19:08:39 INFO  AlbumUtil:92 - 13. XTC  -  Drums and Wires  - 1979 - Ten Feet Tall  -  3:17
2019-04-17 19:08:39 INFO  AlbumUtil:92 - 14. Love  -  Forever Changes  - 1967 - Alone Again Or  -  3:17
2019-04-17 19:08:39 INFO  AlbumUtil:92 - 15. Love  -  Forever Changes  - 1967 - Andmoreagain  -  3:18
2019-04-17 19:08:39 INFO  AlbumUtil:92 - 16. XTC  -  Drums and Wires  - 1979 - When You're Near Me I Have Difficulty  -  3:22
2019-04-17 19:08:39 INFO  AlbumUtil:92 - 17. Vampire Weekend  -  Contra  - 2010 - Horchata  -  3:27
2019-04-17 19:08:39 INFO  AlbumUtil:92 - 18. Love  -  Forever Changes  - 1967 - The Daily Planet  -  3:31
2019-04-17 19:08:39 INFO  AlbumUtil:92 - 19. Love  -  Forever Changes  - 1967 - Maybe The People Would Be The Times Or Between Clark And Hilldale  -  3:31
2019-04-17 19:08:39 INFO  AlbumUtil:92 - 20. Love  -  Forever Changes  - 1967 - A House Is Not A Motel  -  3:32
2019-04-17 19:08:39 INFO  DurationUtil:44 - Total Time: 59:48
2019-04-22 01:30:06 INFO  AlbumUtil:92 - 1. Vampire Weekend  -  Contra  - 2010 - Holiday  -  2:18
2019-04-22 01:30:06 INFO  AlbumUtil:92 - 2. Love  -  Forever Changes  - 1967 - Bummer In The Summer  -  2:24
2019-04-22 01:30:06 INFO  AlbumUtil:92 - 3. Vampire Weekend  -  Contra  - 2010 - Cousins  -  2:25
2019-04-22 01:30:06 INFO  AlbumUtil:92 - 4. XTC  -  Drums and Wires  - 1979 - Limelight  -  2:27
2019-04-22 01:30:06 INFO  AlbumUtil:92 - 5. Vampire Weekend  -  Contra  - 2010 - California English  -  2:30
2019-04-22 01:30:06 INFO  AlbumUtil:92 - 6. XTC  -  Drums and Wires  - 1979 - Chain Of Command  -  2:34
2019-04-22 01:30:06 INFO  AlbumUtil:92 - 7. XTC  -  Drums and Wires  - 1979 - Outside World  -  2:41
2019-04-22 01:30:06 INFO  AlbumUtil:92 - 8. XTC  -  Drums and Wires  - 1979 - That Is The Way  -  2:57
2019-04-22 01:30:06 INFO  AlbumUtil:92 - 9. Vampire Weekend  -  Contra  - 2010 - White Sky  -  2:59
2019-04-22 01:30:06 INFO  AlbumUtil:92 - 10. Love  -  Forever Changes  - 1967 - Old Man  -  3:02
2019-04-22 01:30:06 INFO  AlbumUtil:92 - 11. XTC  -  Drums and Wires  - 1979 - Day In Day Out  -  3:08
2019-04-22 01:30:06 INFO  AlbumUtil:92 - 12. Love  -  Forever Changes  - 1967 - The Good Humor Man He Sees Everything Like This  -  3:08
2019-04-22 01:30:06 INFO  AlbumUtil:92 - 13. XTC  -  Drums and Wires  - 1979 - Ten Feet Tall  -  3:17
2019-04-22 01:30:06 INFO  AlbumUtil:92 - 14. Love  -  Forever Changes  - 1967 - Alone Again Or  -  3:17
2019-04-22 01:30:06 INFO  AlbumUtil:92 - 15. Love  -  Forever Changes  - 1967 - Andmoreagain  -  3:18
2019-04-22 01:30:06 INFO  AlbumUtil:92 - 16. XTC  -  Drums and Wires  - 1979 - When You're Near Me I Have Difficulty  -  3:22
2019-04-22 01:30:06 INFO  AlbumUtil:92 - 17. Vampire Weekend  -  Contra  - 2010 - Horchata  -  3:27
2019-04-22 01:30:06 INFO  AlbumUtil:92 - 18. Love  -  Forever Changes  - 1967 - The Daily Planet  -  3:31
2019-04-22 01:30:06 INFO  AlbumUtil:92 - 19. Love  -  Forever Changes  - 1967 - Maybe The People Would Be The Times Or Between Clark And Hilldale  -  3:31
2019-04-22 01:30:06 INFO  AlbumUtil:92 - 20. Love  -  Forever Changes  - 1967 - A House Is Not A Motel  -  3:32
2019-04-22 01:30:06 INFO  DurationUtil:44 - Total Time: 59:48
2019-04-22 01:32:08 INFO  AlbumUtil:92 - 1. Vampire Weekend  -  Contra  - 2010 - Holiday  -  2:18
2019-04-22 01:32:08 INFO  AlbumUtil:92 - 2. Love  -  Forever Changes  - 1967 - Bummer In The Summer  -  2:24
2019-04-22 01:32:08 INFO  AlbumUtil:92 - 3. Vampire Weekend  -  Contra  - 2010 - Cousins  -  2:25
2019-04-22 01:32:08 INFO  AlbumUtil:92 - 4. XTC  -  Drums and Wires  - 1979 - Limelight  -  2:27
2019-04-22 01:32:08 INFO  AlbumUtil:92 - 5. Vampire Weekend  -  Contra  - 2010 - California English  -  2:30
2019-04-22 01:32:08 INFO  AlbumUtil:92 - 6. XTC  -  Drums and Wires  - 1979 - Chain Of Command  -  2:34
2019-04-22 01:32:08 INFO  AlbumUtil:92 - 7. XTC  -  Drums and Wires  - 1979 - Outside World  -  2:41
2019-04-22 01:32:08 INFO  AlbumUtil:92 - 8. XTC  -  Drums and Wires  - 1979 - That Is The Way  -  2:57
2019-04-22 01:32:08 INFO  AlbumUtil:92 - 9. Vampire Weekend  -  Contra  - 2010 - White Sky  -  2:59
2019-04-22 01:32:08 INFO  AlbumUtil:92 - 10. Love  -  Forever Changes  - 1967 - Old Man  -  3:02
2019-04-22 01:32:08 INFO  AlbumUtil:92 - 11. XTC  -  Drums and Wires  - 1979 - Day In Day Out  -  3:08
2019-04-22 01:32:08 INFO  AlbumUtil:92 - 12. Love  -  Forever Changes  - 1967 - The Good Humor Man He Sees Everything Like This  -  3:08
2019-04-22 01:32:08 INFO  AlbumUtil:92 - 13. XTC  -  Drums and Wires  - 1979 - Ten Feet Tall  -  3:17
2019-04-22 01:32:08 INFO  AlbumUtil:92 - 14. Love  -  Forever Changes  - 1967 - Alone Again Or  -  3:17
2019-04-22 01:32:08 INFO  AlbumUtil:92 - 15. Love  -  Forever Changes  - 1967 - Andmoreagain  -  3:18
2019-04-22 01:32:08 INFO  AlbumUtil:92 - 16. XTC  -  Drums and Wires  - 1979 - When You're Near Me I Have Difficulty  -  3:22
2019-04-22 01:32:08 INFO  AlbumUtil:92 - 17. Vampire Weekend  -  Contra  - 2010 - Horchata  -  3:27
2019-04-22 01:32:08 INFO  AlbumUtil:92 - 18. Love  -  Forever Changes  - 1967 - The Daily Planet  -  3:31
2019-04-22 01:32:08 INFO  AlbumUtil:92 - 19. Love  -  Forever Changes  - 1967 - Maybe The People Would Be The Times Or Between Clark And Hilldale  -  3:31
2019-04-22 01:32:08 INFO  AlbumUtil:92 - 20. Love  -  Forever Changes  - 1967 - A House Is Not A Motel  -  3:32
2019-04-22 01:32:08 INFO  DurationUtil:44 - Total Time: 59:48
2019-04-22 01:41:25 INFO  AlbumUtil:92 - 1. Vampire Weekend  -  Contra  - 2010 - Holiday  -  2:18
2019-04-22 01:41:25 INFO  AlbumUtil:92 - 2. Love  -  Forever Changes  - 1967 - Bummer In The Summer  -  2:24
2019-04-22 01:41:25 INFO  AlbumUtil:92 - 3. Vampire Weekend  -  Contra  - 2010 - Cousins  -  2:25
2019-04-22 01:41:25 INFO  AlbumUtil:92 - 4. XTC  -  Drums and Wires  - 1979 - Limelight  -  2:27
2019-04-22 01:41:25 INFO  AlbumUtil:92 - 5. Vampire Weekend  -  Contra  - 2010 - California English  -  2:30
2019-04-22 01:41:25 INFO  AlbumUtil:92 - 6. XTC  -  Drums and Wires  - 1979 - Chain Of Command  -  2:34
2019-04-22 01:41:25 INFO  AlbumUtil:92 - 7. XTC  -  Drums and Wires  - 1979 - Outside World  -  2:41
2019-04-22 01:41:25 INFO  AlbumUtil:92 - 8. XTC  -  Drums and Wires  - 1979 - That Is The Way  -  2:57
2019-04-22 01:41:25 INFO  AlbumUtil:92 - 9. Vampire Weekend  -  Contra  - 2010 - White Sky  -  2:59
2019-04-22 01:41:25 INFO  AlbumUtil:92 - 10. Love  -  Forever Changes  - 1967 - Old Man  -  3:02
2019-04-22 01:41:25 INFO  AlbumUtil:92 - 11. XTC  -  Drums and Wires  - 1979 - Day In Day Out  -  3:08
2019-04-22 01:41:25 INFO  AlbumUtil:92 - 12. Love  -  Forever Changes  - 1967 - The Good Humor Man He Sees Everything Like This  -  3:08
2019-04-22 01:41:25 INFO  AlbumUtil:92 - 13. XTC  -  Drums and Wires  - 1979 - Ten Feet Tall  -  3:17
2019-04-22 01:41:25 INFO  AlbumUtil:92 - 14. Love  -  Forever Changes  - 1967 - Alone Again Or  -  3:17
2019-04-22 01:41:25 INFO  AlbumUtil:92 - 15. Love  -  Forever Changes  - 1967 - Andmoreagain  -  3:18
2019-04-22 01:41:25 INFO  AlbumUtil:92 - 16. XTC  -  Drums and Wires  - 1979 - When You're Near Me I Have Difficulty  -  3:22
2019-04-22 01:41:25 INFO  AlbumUtil:92 - 17. Vampire Weekend  -  Contra  - 2010 - Horchata  -  3:27
2019-04-22 01:41:25 INFO  AlbumUtil:92 - 18. Love  -  Forever Changes  - 1967 - The Daily Planet  -  3:31
2019-04-22 01:41:25 INFO  AlbumUtil:92 - 19. Love  -  Forever Changes  - 1967 - Maybe The People Would Be The Times Or Between Clark And Hilldale  -  3:31
2019-04-22 01:41:25 INFO  AlbumUtil:92 - 20. Love  -  Forever Changes  - 1967 - A House Is Not A Motel  -  3:32
2019-04-22 01:41:25 INFO  DurationUtil:44 - Total Time: 59:48
2019-04-22 02:40:03 INFO  AlbumUtil:92 - 1. Vampire Weekend  -  Contra  - 2010 - Holiday  -  2:18
2019-04-22 02:40:03 INFO  AlbumUtil:92 - 2. Love  -  Forever Changes  - 1967 - Bummer In The Summer  -  2:24
2019-04-22 02:40:03 INFO  AlbumUtil:92 - 3. Vampire Weekend  -  Contra  - 2010 - Cousins  -  2:25
2019-04-22 02:40:03 INFO  AlbumUtil:92 - 4. XTC  -  Drums and Wires  - 1979 - Limelight  -  2:27
2019-04-22 02:40:03 INFO  AlbumUtil:92 - 5. Vampire Weekend  -  Contra  - 2010 - California English  -  2:30
2019-04-22 02:40:03 INFO  AlbumUtil:92 - 6. XTC  -  Drums and Wires  - 1979 - Chain Of Command  -  2:34
2019-04-22 02:40:03 INFO  AlbumUtil:92 - 7. XTC  -  Drums and Wires  - 1979 - Outside World  -  2:41
2019-04-22 02:40:03 INFO  AlbumUtil:92 - 8. XTC  -  Drums and Wires  - 1979 - That Is The Way  -  2:57
2019-04-22 02:40:03 INFO  AlbumUtil:92 - 9. Vampire Weekend  -  Contra  - 2010 - White Sky  -  2:59
2019-04-22 02:40:03 INFO  AlbumUtil:92 - 10. Love  -  Forever Changes  - 1967 - Old Man  -  3:02
2019-04-22 02:40:03 INFO  AlbumUtil:92 - 11. XTC  -  Drums and Wires  - 1979 - Day In Day Out  -  3:08
2019-04-22 02:40:03 INFO  AlbumUtil:92 - 12. Love  -  Forever Changes  - 1967 - The Good Humor Man He Sees Everything Like This  -  3:08
2019-04-22 02:40:03 INFO  AlbumUtil:92 - 13. XTC  -  Drums and Wires  - 1979 - Ten Feet Tall  -  3:17
2019-04-22 02:40:03 INFO  AlbumUtil:92 - 14. Love  -  Forever Changes  - 1967 - Alone Again Or  -  3:17
2019-04-22 02:40:03 INFO  AlbumUtil:92 - 15. Love  -  Forever Changes  - 1967 - Andmoreagain  -  3:18
2019-04-22 02:40:03 INFO  AlbumUtil:92 - 16. XTC  -  Drums and Wires  - 1979 - When You're Near Me I Have Difficulty  -  3:22
2019-04-22 02:40:03 INFO  AlbumUtil:92 - 17. Vampire Weekend  -  Contra  - 2010 - Horchata  -  3:27
2019-04-22 02:40:03 INFO  AlbumUtil:92 - 18. Love  -  Forever Changes  - 1967 - The Daily Planet  -  3:31
2019-04-22 02:40:03 INFO  AlbumUtil:92 - 19. Love  -  Forever Changes  - 1967 - Maybe The People Would Be The Times Or Between Clark And Hilldale  -  3:31
2019-04-22 02:40:03 INFO  AlbumUtil:92 - 20. Love  -  Forever Changes  - 1967 - A House Is Not A Motel  -  3:32
2019-04-22 02:40:03 INFO  DurationUtil:44 - Total Time: 59:48
